This is pdfTeXk, Version 3.141592-1.40.3 (Web2C 7.5.6) (format=pdflatex 2010.5.19)  21 MAY 2010 11:47
entering extended mode
 %&-line parsing enabled.
**Diplomarbeit.tex
(./Diplomarbeit.tex
LaTeX2e <2005/12/01>
Babel <v3.8h> and hyphenation patterns for english, usenglishmax, dumylang, noh
yphenation, arabic, basque, bulgarian, coptic, welsh, czech, slovak, german, ng
erman, danish, esperanto, spanish, catalan, galician, estonian, farsi, finnish,
 french, greek, monogreek, ancientgreek, croatian, hungarian, interlingua, ibyc
us, indonesian, icelandic, italian, latin, mongolian, dutch, norsk, polish, por
tuguese, pinyin, romanian, russian, slovenian, uppersorbian, serbian, swedish, 
turkish, ukenglish, ukrainian, loaded.
(/usr/share/texmf/tex/latex/base/report.cls
Document Class: report 2005/09/16 v1.4f Standard LaTeX document class
(/usr/share/texmf/tex/latex/base/size12.clo
File: size12.clo 2005/09/16 v1.4f Standard LaTeX file (size option)
)
\c@part=\count79
\c@chapter=\count80
\c@section=\count81
\c@subsection=\count82
\c@subsubsection=\count83
\c@paragraph=\count84
\c@subparagraph=\count85
\c@figure=\count86
\c@table=\count87
\abovecaptionskip=\skip41
\belowcaptionskip=\skip42
\bibindent=\dimen102
)
(/usr/share/texmf/tex/generic/babel/babel.sty
Package: babel 2005/11/23 v3.8h The Babel package

(/usr/share/texmf/tex/generic/babel/english.ldf
Language: english 2005/03/30 v3.3o English support from the babel system

(/usr/share/texmf/tex/generic/babel/babel.def
File: babel.def 2005/11/23 v3.8h Babel common definitions
\babel@savecnt=\count88
\U@D=\dimen103
)
\l@british = a dialect from \language\l@english 
\l@UKenglish = a dialect from \language\l@english 
\l@canadian = a dialect from \language\l@american 
\l@australian = a dialect from \language\l@british 
\l@newzealand = a dialect from \language\l@british 
)
(/usr/share/texmf/tex/generic/babel/english.ldf
Language: english 2005/03/30 v3.3o English support from the babel system
))
(/usr/share/texmf/tex/latex/base/inputenc.sty
Package: inputenc 2006/05/05 v1.1b Input encoding file
\inpenc@prehook=\toks14
\inpenc@posthook=\toks15

(/usr/share/texmf/tex/latex/base/latin1.def
File: latin1.def 2006/05/05 v1.1b Input encoding file
))
(/usr/share/texmf/tex/latex/psnfss/helvet.sty
Package: helvet 2005/04/12 PSNFSS-v9.2a (WaS) 

(/usr/share/texmf/tex/latex/graphics/keyval.sty
Package: keyval 1999/03/16 v1.13 key=value parser (DPC)
\KV@toks@=\toks16
))
(/usr/share/texmf/tex/latex/psnfss/courier.sty
Package: courier 2005/04/12 PSNFSS-v9.2a (WaS) 
)
(/usr/share/texmf/tex/latex/fancyhdr/fancyhdr.sty
\fancy@headwidth=\skip43
\f@ncyO@elh=\skip44
\f@ncyO@erh=\skip45
\f@ncyO@olh=\skip46
\f@ncyO@orh=\skip47
\f@ncyO@elf=\skip48
\f@ncyO@erf=\skip49
\f@ncyO@olf=\skip50
\f@ncyO@orf=\skip51
)
(/usr/share/texmf/tex/latex/ntgclass/a4.sty
Package: a4 2004/04/15 v1.2g A4 based page layout
)
(/usr/share/texmf/tex/latex/base/makeidx.sty
Package: makeidx 2000/03/29 v1.0m Standard LaTeX package
)
(/usr/share/texmf/tex/latex/listings/listings.sty
\lst@mode=\count89
\lst@gtempboxa=\box26
\lst@token=\toks17
\lst@length=\count90
\lst@currlwidth=\dimen104
\lst@column=\count91
\lst@pos=\count92
\lst@lostspace=\dimen105
\lst@width=\dimen106
\lst@newlines=\count93
\lst@lineno=\count94
\c@lstlisting=\count95
\lst@maxwidth=\dimen107

(/usr/share/texmf/tex/latex/listings/lstpatch.sty
File: lstpatch.sty 2004/10/17 1.3b (Carsten Heinz)
)
(/usr/share/texmf/tex/latex/listings/lstmisc.sty
File: lstmisc.sty 2004/09/07 1.3 (Carsten Heinz)
\c@lstnumber=\count96
\lst@skipnumbers=\count97
\lst@framebox=\box27
)
(/usr/share/texmf/tex/latex/listings/listings.cfg
File: listings.cfg 2004/09/05 1.3 listings configuration
))
Package: listings 2004/10/17 1.3b (Carsten Heinz)

(/usr/share/texmf/tex/latex/graphics/color.sty
Package: color 2005/11/14 v1.0j Standard LaTeX Color (DPC)

(/usr/share/texmf/tex/latex/config/color.cfg
File: color.cfg 2007/01/18 v1.5 color configuration of teTeX/TeXLive
)
Package color Info: Driver file: pdftex.def on input line 130.

(/usr/share/texmf/tex/latex/pdftex-def/pdftex.def
File: pdftex.def 2007/01/08 v0.04d Graphics/color for pdfTeX
\Gread@gobject=\count98
))
(/usr/share/texmf/tex/latex/setspace/setspace.sty
Package: setspace 2000/12/01 6.7 Contributed and Supported LaTeX2e package

Package: `setspace' 6.7 <2000/12/01>
) (/usr/share/texmf/tex/latex/graphics/graphicx.sty
Package: graphicx 1999/02/16 v1.0f Enhanced LaTeX Graphics (DPC,SPQR)

(/usr/share/texmf/tex/latex/graphics/graphics.sty
Package: graphics 2006/02/20 v1.0o Standard LaTeX Graphics (DPC,SPQR)

(/usr/share/texmf/tex/latex/graphics/trig.sty
Package: trig 1999/03/16 v1.09 sin cos tan (DPC)
)
(/usr/share/texmf/tex/latex/config/graphics.cfg
File: graphics.cfg 2007/01/18 v1.5 graphics configuration of teTeX/TeXLive
)
Package graphics Info: Driver file: pdftex.def on input line 90.
)
\Gin@req@height=\dimen108
\Gin@req@width=\dimen109
)
(/usr/share/texmf/tex/latex/sectsty/sectsty.sty
Package: sectsty 2002/02/25 v2.0.2 Commands to change all sectional heading sty
les
)
(/usr/share/texmf/tex/latex/hyperref/hyperref.sty
Package: hyperref 2007/02/07 v6.75r Hypertext links for LaTeX
\@linkdim=\dimen110
\Hy@linkcounter=\count99
\Hy@pagecounter=\count100

(/usr/share/texmf/tex/latex/hyperref/pd1enc.def
File: pd1enc.def 2007/02/07 v6.75r Hyperref: PDFDocEncoding definition (HO)
)
(/usr/share/texmf/tex/latex/config/hyperref.cfg
File: hyperref.cfg 2002/06/06 v1.2 hyperref configuration of TeXLive
)
(/usr/share/texmf/tex/latex/oberdiek/kvoptions.sty
Package: kvoptions 2006/08/22 v2.4 Connects package keyval with LaTeX options (
HO)
)
Package hyperref Info: Hyper figures OFF on input line 2288.
Package hyperref Info: Link nesting OFF on input line 2293.
Package hyperref Info: Hyper index ON on input line 2296.
Package hyperref Info: Plain pages OFF on input line 2303.
Package hyperref Info: Backreferencing OFF on input line 2308.

Implicit mode ON; LaTeX internals redefined
Package hyperref Info: Bookmarks ON on input line 2444.
(/usr/share/texmf/tex/latex/ltxmisc/url.sty
\Urlmuskip=\muskip10
Package: url 2005/06/27  ver 3.2  Verb mode for urls, etc.
)
LaTeX Info: Redefining \url on input line 2599.
\Fld@menulength=\count101
\Field@Width=\dimen111
\Fld@charsize=\dimen112
\Choice@toks=\toks18
\Field@toks=\toks19
Package hyperref Info: Hyper figures OFF on input line 3102.
Package hyperref Info: Link nesting OFF on input line 3107.
Package hyperref Info: Hyper index ON on input line 3110.
Package hyperref Info: backreferencing OFF on input line 3117.
Package hyperref Info: Link coloring OFF on input line 3122.
\Hy@abspage=\count102
\c@Item=\count103
\c@Hfootnote=\count104
)
*hyperref using default driver hpdftex*
(/usr/share/texmf/tex/latex/hyperref/hpdftex.def
File: hpdftex.def 2007/02/07 v6.75r Hyperref driver for pdfTeX
\Fld@listcount=\count105
)
(/usr/share/texmf/tex/latex/glossary/glossary.sty
Package: glossary 2006/07/20 2.4 (NLCT)

(/usr/share/texmf/tex/latex/base/ifthen.sty
Package: ifthen 2001/05/26 v1.1c Standard LaTeX ifthen package (DPC)
)
\gls@cols=\count106

No configuration file glossary.cfg found
(/usr/share/texmf/tex/latex/tools/longtable.sty
Package: longtable 2004/02/01 v4.11 Multi-page Table package (DPC)
\LTleft=\skip52
\LTright=\skip53
\LTpre=\skip54
\LTpost=\skip55
\LTchunksize=\count107
\LTcapwidth=\dimen113
\LT@head=\box28
\LT@firsthead=\box29
\LT@foot=\box30
\LT@lastfoot=\box31
\LT@cols=\count108
\LT@rows=\count109
\c@LT@tables=\count110
\c@LT@chunks=\count111
\LT@p@ftn=\toks20
)
\descriptionwidth=\skip56
\istfile=\write3
)
\@acronymfile=\write4
\openout4 = `Diplomarbeit.acr'.


Writing acronym file Diplomarbeit.acr 
\@glossaryfile=\write5
\openout5 = `Diplomarbeit.glo'.

Writing glossary file Diplomarbeit.glo 
(/usr/share/texmf/tex/latex/listings/lstlang1.sty
File: lstlang1.sty 2004/09/05 1.3 listings language file
)
\@indexfile=\write6
\openout6 = `Diplomarbeit.idx'.


Writing index file Diplomarbeit.idx
(./Diplomarbeit.aux

LaTeX Warning: Label `lst:scala:patterns' multiply defined.

)
\openout1 = `Diplomarbeit.aux'.

LaTeX Font Info:    Checking defaults for OML/cmm/m/it on input line 79.
LaTeX Font Info:    ... okay on input line 79.
LaTeX Font Info:    Checking defaults for T1/cmr/m/n on input line 79.
LaTeX Font Info:    ... okay on input line 79.
LaTeX Font Info:    Checking defaults for OT1/cmr/m/n on input line 79.
LaTeX Font Info:    ... okay on input line 79.
LaTeX Font Info:    Checking defaults for OMS/cmsy/m/n on input line 79.
LaTeX Font Info:    ... okay on input line 79.
LaTeX Font Info:    Checking defaults for OMX/cmex/m/n on input line 79.
LaTeX Font Info:    ... okay on input line 79.
LaTeX Font Info:    Checking defaults for U/cmr/m/n on input line 79.
LaTeX Font Info:    ... okay on input line 79.
LaTeX Font Info:    Checking defaults for PD1/pdf/m/n on input line 79.
LaTeX Font Info:    ... okay on input line 79.
Package hyperref Info: Link coloring OFF on input line 79.
 (/usr/share/texmf/tex/latex/hyperref/nameref.sty
Package: nameref 2006/12/27 v2.28 Cross-referencing by name of section

(/usr/share/texmf/tex/latex/oberdiek/refcount.sty
Package: refcount 2006/02/20 v3.0 Data extraction from references (HO)
)
\c@section@level=\count112
)
LaTeX Info: Redefining \ref on input line 79.
LaTeX Info: Redefining \pageref on input line 79.
 (./Diplomarbeit.out)
(./Diplomarbeit.out)
\@outlinefile=\write7
\openout7 = `Diplomarbeit.out'.

LaTeX Font Info:    Try loading font information for OT1+phv on input line 80.
 (/usr/share/texmf/tex/latex/psnfss/ot1phv.fd
File: ot1phv.fd 2001/06/04 scalable font definitions for OT1/phv.
) (./title.tex <images/edvo-logo.jpg, id=577, 105.39375pt x 96.36pt>
File: images/edvo-logo.jpg Graphic file (type jpg)

<use images/edvo-logo.jpg>
LaTeX Font Info:    Font shape `OT1/phv/bx/n' in size <24.88> not available
(Font)              Font shape `OT1/phv/b/n' tried instead on input line 22.
 <images/dipllogo.png, id=578, 642.4pt x 273.823pt>
File: images/dipllogo.png Graphic file (type png)

<use images/dipllogo.png>
LaTeX Font Info:    Font shape `OT1/phv/bx/n' in size <14.4> not available
(Font)              Font shape `OT1/phv/b/n' tried instead on input line 34.
LaTeX Font Info:    External font `cmex10' loaded for size
(Font)              <14.4> on input line 40.
LaTeX Font Info:    External font `cmex10' loaded for size
(Font)              <7> on input line 40.

Overfull \hbox (5.40182pt too wide) in paragraph at lines 40--62
[]  
 []

) [1

\openout3 = `Diplomarbeit.ist'.

{/usr/share/texmf/fonts/map/pdftex/updmap/pdftex.map} <./images/edvo-logo.jpg> 
<./images/dipllogo.png>]

Package hyperref Warning: No destination for bookmark of \addcontentsline,
(hyperref)                destination is added on input line 90.

(./erklaerung.tex
LaTeX Font Info:    Font shape `OT1/phv/bx/n' in size <17.28> not available
(Font)              Font shape `OT1/phv/b/n' tried instead on input line 3.
) [1

] (./acknowledgements.tex) [2

] (./abstract.tex

LaTeX Warning: Reference `Iterations' on page iii undefined on input line 11.

) [3

] (./abstract-german.tex) [4

] (./Diplomarbeit.toc
LaTeX Font Info:    Font shape `OT1/phv/bx/n' in size <12> not available
(Font)              Font shape `OT1/phv/b/n' tried instead on input line 2.
LaTeX Font Info:    External font `cmex10' loaded for size
(Font)              <12> on input line 8.
LaTeX Font Info:    External font `cmex10' loaded for size
(Font)              <8> on input line 8.
LaTeX Font Info:    External font `cmex10' loaded for size
(Font)              <6> on input line 8.

Overfull \hbox (12.05864pt too wide) in paragraph at lines 10--10
 [][] [][]\OT1/phv/m/n/12 The School: H[]ohere Tech-nis-che Bun-des Lehr- und V
er-such-sanstalt 
 []

[5


] [6] [7] [8] [9] [10])
\tf@toc=\write8
\openout8 = `Diplomarbeit.toc'.

 [11] (./chapter-allocation.tex)pdfTeX warning (ext4): destination with the sam
e identifier (name{page.1}) has been already used, duplicate ignored
<to be read again> 
                   \relax 
l.129 	\clearpage
                  [1


] [2] (./introduction.tex
Chapter 1.
(./overview.tex [3


]
LaTeX Font Info:    Try loading font information for OT1+pcr on input line 24.
 (/usr/share/texmf/tex/latex/psnfss/ot1pcr.fd
File: ot1pcr.fd 2001/06/04 font definitions for OT1/pcr.
)) [4] [5]
(./motivation.tex) [6

] [7] (./goals-and-tasks.tex
LaTeX Font Info:    Try loading font information for OMS+phv on input line 7.

(/usr/share/texmf/tex/latex/psnfss/omsphv.fd
File: omsphv.fd 
)
LaTeX Font Info:    Font shape `OMS/phv/m/n' in size <12> not available
(Font)              Font shape `OMS/cmsy/m/n' tried instead on input line 7.
LaTeX Font Info:    External font `cmex10' loaded for size
(Font)              <5> on input line 32.
 [8

]) [9] (./sombrero-data.tex
[10

]) [11]) (./project-progression.tex
Chapter 2.
(./methodology.tex [12



] [13

]) [14] (./iterations.tex
<images/iteration1.png, id=873, 831.105pt x 691.58376pt>
File: images/iteration1.png Graphic file (type png)

<use images/iteration1.png>

LaTeX Warning: `h' float specifier changed to `ht'.

[15

] [16 <./images/iteration1.png (PNG copy)>]
LaTeX Font Info:    Font shape `OT1/phv/m/it' in size <12> not available
(Font)              Font shape `OT1/phv/m/sl' tried instead on input line 32.

<images/iteration2.png, id=883, 1327.96124pt x 659.46375pt>
File: images/iteration2.png Graphic file (type png)

<use images/iteration2.png>

LaTeX Warning: `h' float specifier changed to `ht'.

[17

] [18 <./images/iteration2.png (PNG copy)>]
<images/iteration3f2.png, id=894, 1327.96124pt x 693.59125pt>
File: images/iteration3f2.png Graphic file (type png)

<use images/iteration3f2.png>
<images/iteration3f1.png, id=895, 1327.96124pt x 693.59125pt>
File: images/iteration3f1.png Graphic file (type png)

<use images/iteration3f1.png>

LaTeX Warning: `h' float specifier changed to `ht'.

) [19

 <./images/iteration3f2.png (PNG copy)>] [20 <./images/iteration3f1.png (PNG co
py)>] (./challenges.tex [21

]) [22] [23] (./project-log.tex
Overfull \hbox (17.5509pt too wide) in paragraph at lines 3--38
[] 
 []

[24

]
Overfull \vbox (77.02023pt too high) has occurred while \output is active []


[25]
Underfull \hbox (badness 2469) in paragraph at lines 46--47
[]\OT1/phv/m/n/12 refactoring, fix-ing CVS prob-lems, im-prov-ing
 []


Underfull \hbox (badness 10000) in paragraph at lines 60--61
[]\OT1/phv/m/n/12 working on Tree-View and refac-tor-ing of
 []


Overfull \hbox (4.20706pt too wide) in paragraph at lines 39--78
[][] 
 []


Overfull \vbox (69.79945pt too high) has occurred while \output is active []


[26]
Overfull \hbox (36.6924pt too wide) in paragraph at lines 79--130
[] 
 []

) [27]
Overfull \vbox (75.87953pt too high) has occurred while \output is active []


[28] (./similar-products.tex) [29

] (./scala-days.tex) [30

]) (./technologies.tex
Chapter 3.
(./knx.tex [31



] [32]) [33] (./calimero.tex
LaTeX Font Info:    External font `cmex10' loaded for size
(Font)              <10.95> on input line 8.
LaTeX Font Info:    Font shape `OT1/pcr/bx/n' in size <10.95> not available
(Font)              Font shape `OT1/pcr/b/n' tried instead on input line 9.
 [34

] [35]) [36] (./scala.tex
LaTeX Font Info:    Font shape `OT1/pcr/m/it' in size <10.95> not available
(Font)              Font shape `OT1/pcr/m/sl' tried instead on input line 14.

[37

] [38] [39] [40] [41]

LaTeX Warning: Reference `NEEDED' on page 42 undefined on input line 183.

) [42] (./lift.tex [43

] [44] [45] [46] [47] [48]) [49]
(./javascript-and-jquery.tex
Overfull \hbox (15.77672pt too wide) in paragraph at lines 31--32
\OT1/phv/m/n/12 de-vel-op-ment tech-niques used on the client-side to cre-ate i
n-ter-ac-tive web applications.''[[]]
 []

[50

] [51]
LaTeX Font Info:    Font shape `OT1/pcr/bx/n' in size <12> not available
(Font)              Font shape `OT1/pcr/b/n' tried instead on input line 54.
LaTeX Font Info:    Font shape `OT1/pcr/bx/sl' in size <10.95> not available
(Font)              Font shape `OT1/pcr/b/sl' tried instead on input line 54.

Overfull \hbox (6.73253pt too wide) in paragraph at lines 60--62
[][][][][][][][][][][][][][][][][][][][][][][][][][][][][][][][][][][][][][][][
][][][][][][][][] \OT1/phv/m/n/12 merges the con-tents of two
 []

[52] [53] [54] [55]) [56] (./jquery-plugins.tex [57

]) [58] (./css-and-yaml.tex) [59

] (./version-control.tex

LaTeX Warning: Reference `NEEDED' on page 60 undefined on input line 24.

) [60

] (./development-environment.tex [61

]) [62]) (./how-to-use.tex
Chapter 4.
(./install.tex) [63



] (./how-to-users.tex
<images/room3.png, id=1549, 821.0675pt x 1486.55376pt>
File: images/room3.png Graphic file (type png)
 <use images/room3.png>

LaTeX Warning: Float too large for page by 64.29681pt on input line 17.


LaTeX Warning: `h' float specifier changed to `ht'.

[64

] [65 <./images/room3.png (PNG copy)>] [66

]
<images/roomlink.png, id=1563, 178.6675pt x 203.76125pt>
File: images/roomlink.png Graphic file (type png)

<use images/roomlink.png> [67 <./images/roomlink.png (PNG copy)>]
<images/rollo.png, id=1570, 176.66pt x 209.78375pt>
File: images/rollo.png Graphic file (type png)
 <use images/rollo.png>
[68

 <./images/rollo.png (PNG copy)>]
<images/temperature.png, id=1576, 177.66376pt x 210.7875pt>
File: images/temperature.png Graphic file (type png)

<use images/temperature.png> [69

 <./images/temperature.png (PNG copy)>]
<images/dimmer.png, id=1582, 183.68625pt x 208.78pt>
File: images/dimmer.png Graphic file (type png)
 <use images/dimmer.png>
[70

 <./images/dimmer.png (PNG copy)>]
<images/lamp.png, id=1588, 180.675pt x 207.77625pt>
File: images/lamp.png Graphic file (type png)
 <use images/lamp.png>
[71

 <./images/lamp.png (PNG copy)>]
<images/switch.png, id=1594, 179.67125pt x 207.77625pt>
File: images/switch.png Graphic file (type png)

<use images/switch.png>) [72

 <./images/switch.png (PNG copy)>]
(./how-to-admins.tex [73

]
Overfull \hbox (1.66483pt too wide) in paragraph at lines 19--20
[]\OT1/phv/b/n/12 KNX Groups: \OT1/phv/m/n/12 Ad-di-tional KNX group ad-dresses
 of the de-vice. This is needed
 []


LaTeX Warning: Reference `NEEDED' on page 74 undefined on input line 32.

[74

] <images/admin-help.png, id=1609, 16.06pt x 16.06pt>
File: images/admin-help.png Graphic file (type png)

<use images/admin-help.png>
<images/admin-edit.png, id=1610, 16.06pt x 16.06pt>
File: images/admin-edit.png Graphic file (type png)

<use images/admin-edit.png>
<images/admin-delete.png, id=1611, 16.06pt x 16.06pt>
File: images/admin-delete.png Graphic file (type png)

<use images/admin-delete.png>
<images/admin-plus.png, id=1612, 16.06pt x 16.06pt>
File: images/admin-plus.png Graphic file (type png)

<use images/admin-plus.png>
<images/admin-minus.png, id=1613, 16.06pt x 16.06pt>
File: images/admin-minus.png Graphic file (type png)

<use images/admin-minus.png> [75 <./images/admin-help.png (PNG copy)> <./images
/admin-edit.png (PNG copy)> <./images/admin-delete.png (PNG copy)> <./images/ad
min-plus.png (PNG copy)> <./images/admin-minus.png (PNG copy)>]) [76])
(./how-to-hack.tex
Chapter 5.
(./h2h-overview.tex) [77



] (./how-to-widget.tex
Overfull \hbox (12.12903pt too wide) in paragraph at lines 16--17
\OT1/phv/m/n/12 toserve/wid-get-s/css. All wid-get Scala files are placed in th
e pack-age org.sombrero.widget
 []

[78

] [79] [80] [81] [82] [83] [84] [85] [86] [87] [88] [89] [90] [91]
Overfull \hbox (0.17694pt too wide) in paragraph at lines 512--513
[]\OT1/phv/m/n/12 First you have to cre-ate a scala class and let it in-herit f
rom org.sombrero.widget.Widget.
 []

[92])
Overfull \hbox (29.6132pt too wide) in paragraph at lines 552--5
[]\OT1/phv/m/n/12 If you re-ally want to cre-ate a new wid-get by your-self you
 should look into the JavaScriptHelper
 []

[93] (./h2h-mapper.tex [94

] [95]

LaTeX Warning: Reference `NEEDED' on page 96 undefined on input line 76.


LaTeX Warning: Reference `NEEDED' on page 96 undefined on input line 88.

) [96]) (./ideas-for-the-future.tex
Chapter 6.
(./improvement-suggestions.tex [97



]

LaTeX Warning: Reference `NEEDED' on page 98 undefined on input line 25.

[98]) [99]) (./conclusion.tex
Chapter 7.
) [100



] (./cv.tex
Appendix A.
[101


]
Overfull \vbox (62.73239pt too high) has occurred while \output is active []


[102] [103]
Overfull \hbox (7.60481pt too wide) in paragraph at lines 37--64
[] 
 []

) [104

] (./diagrams.tex
Appendix B.
<images/packages.png, id=2179, 822.07124pt x 491.8375pt>
File: images/packages.png Graphic file (type png)

<use images/packages.png> [105


 <./images/packages.png (PNG copy)>]
<images/model.png, id=2186, 635.37375pt x 598.235pt>
File: images/model.png Graphic file (type png)
 <use images/model.png>

LaTeX Warning: `h' float specifier changed to `ht'.

[106] <images/widgets.png, id=2191, 625.33624pt x 712.6625pt>
File: images/widgets.png Graphic file (type png)

<use images/widgets.png>) [107 <./images/model.png (PNG copy)>] [108 <./images/
widgets.png (PNG copy)>] (./Diplomarbeit.lof)
\tf@lof=\write9
\openout9 = `Diplomarbeit.lof'.

 [109



] (./Diplomarbeit.lol
[110


])
\tf@lol=\write10
\openout10 = `Diplomarbeit.lol'.

 [111]
No file Diplomarbeit.gls.
(./Diplomarbeit.ind) (./bibliography.tex
Underfull \hbox (badness 10000) in paragraph at lines 42--45
[]$\OT1/pcr/m/n/12 https : / / www . auto . tuwien . ac . at / downloads / knxs
ci05 /
 []

[112





] [113]
Underfull \hbox (badness 10000) in paragraph at lines 95--97
[]$\OT1/pcr/m/n/12 http : / / bassistance . de / jquery-[]plugins /
 []


Underfull \hbox (badness 10000) in paragraph at lines 104--106
[]$\OT1/pcr/m/n/12 http : / / www . filamentgroup . com / lab / jquery _ ipod _
 style _
 []

) [114] (./Diplomarbeit.aux)

LaTeX Warning: There were undefined references.


LaTeX Warning: There were multiply-defined labels.

 ) 
Here is how much of TeX's memory you used:
 7531 strings out of 256216
 103882 string characters out of 1917072
 259432 words of memory out of 1500000
 9381 multiletter control sequences out of 10000+200000
 28302 words of font info for 65 fonts, out of 1200000 for 2000
 645 hyphenation exceptions out of 8191
 36i,12n,43p,1270b,1848s stack positions out of 5000i,500n,6000p,200000b,15000s
pdfTeX warning (dest): name{Hfootnote.8} has been referenced but does not exi
st, replaced by a fixed one

{/usr/share/texmf/fonts/enc/dvips/base/8r.enc}</usr/share/texmf/fonts/type1/blu
esky/cm/cmbx12.pfb></usr/share/texmf/fonts/type1/bluesky/cm/cmmi10.pfb></usr/sh
are/texmf/fonts/type1/bluesky/cm/cmr10.pfb></usr/share/texmf/fonts/type1/bluesk
y/cm/cmr12.pfb></usr/share/texmf/fonts/type1/bluesky/cm/cmr7.pfb></usr/share/te
xmf/fonts/type1/bluesky/cm/cmr8.pfb></usr/share/texmf/fonts/type1/bluesky/cm/cm
sl12.pfb></usr/share/texmf/fonts/type1/bluesky/cm/cmsy10.pfb></usr/share/texmf/
fonts/type1/urw/courier/ucrb8a.pfb></usr/share/texmf/fonts/type1/urw/courier/uc
rbo8a.pfb></usr/share/texmf/fonts/type1/urw/courier/ucrr8a.pfb></usr/share/texm
f/fonts/type1/urw/courier/ucrro8a.pfb></usr/share/texmf/fonts/type1/urw/helveti
c/uhvb8a.pfb></usr/share/texmf/fonts/type1/urw/helvetic/uhvr8a.pfb></usr/share/
texmf/fonts/type1/urw/helvetic/uhvro8a.pfb>
Output written on Diplomarbeit.pdf (126 pages, 1451572 bytes).
PDF statistics:
 2624 PDF objects out of 2984 (max. 8388607)
 1187 named destinations out of 1200 (max. 131072)
 1274 words of extra memory for PDF output out of 10000 (max. 10000000)

