\BOOKMARK [0][-]{section*.1}{Eidesstattliche Erkl\344rung}{}
\BOOKMARK [0][-]{section*.1}{Acknowledgements}{}
\BOOKMARK [0][-]{section*.1}{Abstract}{}
\BOOKMARK [0][-]{section*.1}{Index}{}
\BOOKMARK [0][-]{chapter*.3}{Chapter Allocation}{}
\BOOKMARK [0][-]{chapter.1}{Introduction}{}
\BOOKMARK [1][-]{section.1.1}{Overview}{chapter.1}
\BOOKMARK [2][-]{subsection.1.1.1}{The Client: Vienna Universe of Technology, Automation Systems Group, A-Lab}{section.1.1}
\BOOKMARK [2][-]{subsection.1.1.2}{The School: H\366here Technische Bundes Lehr- und Versuchsanstalt Wiener Neustadt}{section.1.1}
\BOOKMARK [2][-]{subsection.1.1.3}{Planned Field of Use}{section.1.1}
\BOOKMARK [1][-]{section.1.2}{Motivation}{chapter.1}
\BOOKMARK [1][-]{section.1.3}{Goals and Tasks}{chapter.1}
\BOOKMARK [2][-]{subsection.1.3.1}{Criteria}{section.1.3}
\BOOKMARK [2][-]{subsection.1.3.2}{Goals}{section.1.3}
\BOOKMARK [1][-]{section.1.4}{Interesting facts about Sombrero}{chapter.1}
\BOOKMARK [0][-]{chapter.2}{Project Progression}{}
\BOOKMARK [1][-]{section.2.1}{Methodology}{chapter.2}
\BOOKMARK [2][-]{subsection.2.1.1}{Overview}{section.2.1}
\BOOKMARK [2][-]{subsection.2.1.2}{Agile Manifesto}{section.2.1}
\BOOKMARK [2][-]{subsection.2.1.3}{Getting Real}{section.2.1}
\BOOKMARK [2][-]{subsection.2.1.4}{Project Manifest}{section.2.1}
\BOOKMARK [2][-]{subsection.2.1.5}{Google Sites, Docs and Groups}{section.2.1}
\BOOKMARK [2][-]{subsection.2.1.6}{Pivotaltracker}{section.2.1}
\BOOKMARK [1][-]{section.2.2}{Iterations}{chapter.2}
\BOOKMARK [2][-]{subsection.2.2.1}{Iteration 1 - Prototyping}{section.2.2}
\BOOKMARK [2][-]{subsection.2.2.2}{Iteration 2 - Working}{section.2.2}
\BOOKMARK [2][-]{subsection.2.2.3}{Iteration 3 - Finishing}{section.2.2}
\BOOKMARK [1][-]{section.2.3}{Challenges}{chapter.2}
\BOOKMARK [2][-]{subsection.2.3.1}{New Technologies}{section.2.3}
\BOOKMARK [2][-]{subsection.2.3.2}{Illness}{section.2.3}
\BOOKMARK [2][-]{subsection.2.3.3}{Collision Detection between Widgets}{section.2.3}
\BOOKMARK [2][-]{subsection.2.3.4}{The perfect project management tool}{section.2.3}
\BOOKMARK [2][-]{subsection.2.3.5}{Testing of Sombrero}{section.2.3}
\BOOKMARK [2][-]{subsection.2.3.6}{CVS vs. Git}{section.2.3}
\BOOKMARK [2][-]{subsection.2.3.7}{Eclipse Support}{section.2.3}
\BOOKMARK [2][-]{subsection.2.3.8}{Challenges Concerning Mapper}{section.2.3}
\BOOKMARK [1][-]{section.2.4}{Project log}{chapter.2}
\BOOKMARK [2][-]{subsection.2.4.1}{Gabriel A. Grill}{section.2.4}
\BOOKMARK [2][-]{subsection.2.4.2}{Alexander C. Steiner}{section.2.4}
\BOOKMARK [1][-]{section.2.5}{Similar Products}{chapter.2}
\BOOKMARK [2][-]{subsection.2.5.1}{KNX@home}{section.2.5}
\BOOKMARK [2][-]{subsection.2.5.2}{LinuxMCE}{section.2.5}
\BOOKMARK [1][-]{section.2.6}{Scala Days 2010}{chapter.2}
\BOOKMARK [0][-]{chapter.3}{Technology}{}
\BOOKMARK [1][-]{section.3.1}{KNX}{chapter.3}
\BOOKMARK [1][-]{section.3.2}{Calimero}{chapter.3}
\BOOKMARK [1][-]{section.3.3}{Scala}{chapter.3}
\BOOKMARK [2][-]{subsection.3.3.1}{Syntax}{section.3.3}
\BOOKMARK [2][-]{subsection.3.3.2}{Singletons}{section.3.3}
\BOOKMARK [2][-]{subsection.3.3.3}{Functions as Values}{section.3.3}
\BOOKMARK [2][-]{subsection.3.3.4}{Pattern Matching}{section.3.3}
\BOOKMARK [2][-]{subsection.3.3.5}{Traits}{section.3.3}
\BOOKMARK [2][-]{subsection.3.3.6}{Actors}{section.3.3}
\BOOKMARK [1][-]{section.3.4}{Lift}{chapter.3}
\BOOKMARK [2][-]{subsection.3.4.1}{Templates}{section.3.4}
\BOOKMARK [2][-]{subsection.3.4.2}{Snippets}{section.3.4}
\BOOKMARK [2][-]{subsection.3.4.3}{Mapper}{section.3.4}
\BOOKMARK [2][-]{subsection.3.4.4}{Comet}{section.3.4}
\BOOKMARK [1][-]{section.3.5}{JavaScript and JQuery}{chapter.3}
\BOOKMARK [2][-]{subsection.3.5.1}{JavaScript}{section.3.5}
\BOOKMARK [2][-]{subsection.3.5.2}{Ajax}{section.3.5}
\BOOKMARK [2][-]{subsection.3.5.3}{Comet}{section.3.5}
\BOOKMARK [2][-]{subsection.3.5.4}{JQuery}{section.3.5}
\BOOKMARK [2][-]{subsection.3.5.5}{JQuery UI}{section.3.5}
\BOOKMARK [2][-]{subsection.3.5.6}{JQuery UI CSS framework}{section.3.5}
\BOOKMARK [2][-]{subsection.3.5.7}{JQuery UI widget factory}{section.3.5}
\BOOKMARK [1][-]{section.3.6}{JQuery Plugins}{chapter.3}
\BOOKMARK [2][-]{subsection.3.6.1}{JQuery-message}{section.3.6}
\BOOKMARK [2][-]{subsection.3.6.2}{JQuery-collide}{section.3.6}
\BOOKMARK [2][-]{subsection.3.6.3}{Fancybox}{section.3.6}
\BOOKMARK [2][-]{subsection.3.6.4}{iPod-style drilldown menu}{section.3.6}
\BOOKMARK [1][-]{section.3.7}{CSS and Yaml}{chapter.3}
\BOOKMARK [2][-]{subsection.3.7.1}{CSS}{section.3.7}
\BOOKMARK [2][-]{subsection.3.7.2}{Yaml}{section.3.7}
\BOOKMARK [1][-]{section.3.8}{Version Control}{chapter.3}
\BOOKMARK [2][-]{subsection.3.8.1}{Concurrent Versions System}{section.3.8}
\BOOKMARK [2][-]{subsection.3.8.2}{Git}{section.3.8}
\BOOKMARK [2][-]{subsection.3.8.3}{Checking out the Sombrero Sources}{section.3.8}
\BOOKMARK [1][-]{section.3.9}{Development Environment}{chapter.3}
\BOOKMARK [2][-]{subsection.3.9.1}{Eclipse}{section.3.9}
\BOOKMARK [2][-]{subsection.3.9.2}{Eclipse Plugins}{section.3.9}
\BOOKMARK [2][-]{subsection.3.9.3}{Maven}{section.3.9}
\BOOKMARK [0][-]{chapter.4}{How to use Sombrero}{}
\BOOKMARK [1][-]{section.4.1}{Installation}{chapter.4}
\BOOKMARK [2][-]{subsection.4.1.1}{Windows and Linux}{section.4.1}
\BOOKMARK [1][-]{section.4.2}{User Mode}{chapter.4}
\BOOKMARK [2][-]{subsection.4.2.1}{What is User Mode?}{section.4.2}
\BOOKMARK [2][-]{subsection.4.2.2}{Favorites Bar}{section.4.2}
\BOOKMARK [2][-]{subsection.4.2.3}{Tree view Sidebar}{section.4.2}
\BOOKMARK [2][-]{subsection.4.2.4}{Sombrero widgets}{section.4.2}
\BOOKMARK [2][-]{subsection.4.2.5}{Room Link}{section.4.2}
\BOOKMARK [2][-]{subsection.4.2.6}{Roller Blind}{section.4.2}
\BOOKMARK [2][-]{subsection.4.2.7}{Temperature actuator}{section.4.2}
\BOOKMARK [2][-]{subsection.4.2.8}{Dimmer}{section.4.2}
\BOOKMARK [2][-]{subsection.4.2.9}{Lamp}{section.4.2}
\BOOKMARK [2][-]{subsection.4.2.10}{Switch}{section.4.2}
\BOOKMARK [1][-]{section.4.3}{Admin Mode}{chapter.4}
\BOOKMARK [2][-]{subsection.4.3.1}{What is Admin Mode?}{section.4.3}
\BOOKMARK [2][-]{subsection.4.3.2}{Widget Editing}{section.4.3}
\BOOKMARK [2][-]{subsection.4.3.3}{Admin Sidebar}{section.4.3}
\BOOKMARK [2][-]{subsection.4.3.4}{Widget Configuration Buttons}{section.4.3}
\BOOKMARK [2][-]{subsection.4.3.5}{User List}{section.4.3}
\BOOKMARK [2][-]{subsection.4.3.6}{Router Discovery}{section.4.3}
\BOOKMARK [2][-]{subsection.4.3.7}{Device Finder}{section.4.3}
\BOOKMARK [2][-]{subsection.4.3.8}{Group Address Aliases}{section.4.3}
\BOOKMARK [0][-]{chapter.5}{How to hack Sombrero}{}
\BOOKMARK [1][-]{section.5.1}{Overview}{chapter.5}
\BOOKMARK [1][-]{section.5.2}{How to create a Widget}{chapter.5}
\BOOKMARK [2][-]{subsection.5.2.1}{Overview}{section.5.2}
\BOOKMARK [2][-]{subsection.5.2.2}{KNX widget - Scala}{section.5.2}
\BOOKMARK [2][-]{subsection.5.2.3}{KNX widget - JavaScript}{section.5.2}
\BOOKMARK [2][-]{subsection.5.2.4}{Widgets from scratch}{section.5.2}
\BOOKMARK [1][-]{section.5.3}{Constructing a WidgetData Table}{chapter.5}
\BOOKMARK [2][-]{subsection.5.3.1}{Mix in WidgetData and WidgetMetaData}{section.5.3}
\BOOKMARK [2][-]{subsection.5.3.2}{Create some Fields}{section.5.3}
\BOOKMARK [2][-]{subsection.5.3.3}{Create meaningful Form Generators or Validations}{section.5.3}
\BOOKMARK [2][-]{subsection.5.3.4}{Write a Widget}{section.5.3}
\BOOKMARK [2][-]{subsection.5.3.5}{Insert into WidgetList}{section.5.3}
\BOOKMARK [0][-]{chapter.6}{Ideas for the Future}{}
\BOOKMARK [1][-]{section.6.1}{Improvement Suggestions - Sombrero}{chapter.6}
\BOOKMARK [2][-]{subsection.6.1.1}{Triggers}{section.6.1}
\BOOKMARK [2][-]{subsection.6.1.2}{Desktop Widgets}{section.6.1}
\BOOKMARK [2][-]{subsection.6.1.3}{Hash Colored Widgets}{section.6.1}
\BOOKMARK [2][-]{subsection.6.1.4}{Room List}{section.6.1}
\BOOKMARK [2][-]{subsection.6.1.5}{Pluggable Widgets}{section.6.1}
\BOOKMARK [1][-]{section.6.2}{Improvement Suggestions - Calimero}{chapter.6}
\BOOKMARK [2][-]{subsection.6.2.1}{Overview}{section.6.2}
\BOOKMARK [2][-]{subsection.6.2.2}{DSL}{section.6.2}
\BOOKMARK [2][-]{subsection.6.2.3}{Generics}{section.6.2}
\BOOKMARK [2][-]{subsection.6.2.4}{Actors}{section.6.2}
\BOOKMARK [0][-]{chapter.7}{Conclusion}{}
\BOOKMARK [0][-]{chapter.7}{Appendix}{}
\BOOKMARK [0][-]{appendix.A}{Curricula Vitae}{}
\BOOKMARK [1][-]{section.A.1}{Alexander C. Steiner}{appendix.A}
\BOOKMARK [1][-]{section.A.2}{Gabriel A. Grill}{appendix.A}
\BOOKMARK [0][-]{appendix.B}{Source Structure}{}
\BOOKMARK [1][-]{section.B.1}{Packages}{appendix.B}
\BOOKMARK [1][-]{section.B.2}{Database Model}{appendix.B}
\BOOKMARK [1][-]{section.B.3}{Widget Structure}{appendix.B}
\BOOKMARK [0][-]{figure.B.3}{List of Figures}{}
\BOOKMARK [0][-]{appendix*.7}{List of Listings}{}
\BOOKMARK [0][-]{appendix*.8}{Glossary}{}
\BOOKMARK [0][-]{appendix*.8}{Index}{}
\BOOKMARK [0][-]{appendix*.8}{Bibliography}{}
